<?xml version="1.0" encoding="UTF-8"?>
<!-- Generated by org.testng.reporters.JUnitReportReporter -->
<testsuite skipped="2" hostname="Sumairs-MacBook-Pro.local" name="com.class2.EnableAndDisable" tests="4" failures="0" timestamp="31 May 2019 01:54:09 GMT" time="0.003" errors="0">
  <testcase name="second" time="0.001" classname="com.class2.EnableAndDisable"/>
  <testcase name="forth" time="0.002" classname="com.class2.EnableAndDisable"/>
  <testcase name="third" classname="com.class2.EnableAndDisable">
    <skipped/>
  </testcase> <!-- third -->
  <testcase name="first" classname="com.class2.EnableAndDisable">
    <skipped/>
  </testcase> <!-- first -->
</testsuite> <!-- com.class2.EnableAndDisable -->
