<?xml version="1.0" encoding="UTF-8"?>
<!-- Generated by org.testng.reporters.JUnitReportReporter -->
<testsuite skipped="0" hostname="Sumairs-MacBook-Pro.local" name="com.class2.Priorty" tests="4" failures="0" timestamp="31 May 2019 01:45:42 GMT" time="0.004" errors="0">
  <testcase name="first" time="0.001" classname="com.class2.Priorty"/>
  <testcase name="second" time="0.001" classname="com.class2.Priorty"/>
  <testcase name="third" time="0.001" classname="com.class2.Priorty"/>
  <testcase name="forth" time="0.001" classname="com.class2.Priorty"/>
</testsuite> <!-- com.class2.Priorty -->
