<?xml version="1.0" encoding="UTF-8"?>
<!-- Generated by org.testng.reporters.JUnitReportReporter -->
<testsuite skipped="0" hostname="Sumairs-MacBook-Pro.local" name="com.class4.taskOne" tests="1" failures="0" timestamp="07 Jun 2019 00:16:18 GMT" time="4.272" errors="0">
  <testcase name="UserName1" time="4.272" classname="com.class4.taskOne"/>
</testsuite> <!-- com.class4.taskOne -->
