<?xml version="1.0" encoding="UTF-8"?>
<!-- Generated by org.testng.reporters.JUnitReportReporter -->
<testsuite skipped="0" hostname="Sumairs-MacBook-Pro.local" name="com.class3.MethodsExample" tests="3" failures="0" timestamp="06 Jun 2019 00:18:44 GMT" time="0.010" errors="0">
  <testcase name="One" time="0.008" classname="com.class3.MethodsExample"/>
  <testcase name="Two" time="0.001" classname="com.class3.MethodsExample"/>
  <testcase name="Three" time="0.001" classname="com.class3.MethodsExample"/>
</testsuite> <!-- com.class3.MethodsExample -->
