<?xml version="1.0" encoding="UTF-8"?>
<!-- Generated by org.testng.reporters.JUnitReportReporter -->
<testsuite skipped="0" hostname="Sumairs-MacBook-Pro.local" name="com.class1.OrangeHrmExample" tests="1" failures="0" timestamp="30 May 2019 19:58:30 GMT" time="7.351" errors="0">
  <testcase name="login" time="7.351" classname="com.class1.OrangeHrmExample"/>
</testsuite> <!-- com.class1.OrangeHrmExample -->
