<?xml version="1.0" encoding="UTF-8"?>
<!-- Generated by org.testng.reporters.JUnitReportReporter -->
<testsuite skipped="0" hostname="Sumairs-MacBook-Pro.local" name="com.class2.SmartbearsoftwareExample" tests="3" failures="0" timestamp="31 May 2019 01:51:03 GMT" time="0.442" errors="0">
  <testcase name="loginScreenTitle" time="0.009" classname="com.class2.SmartbearsoftwareExample"/>
  <testcase name="login" time="0.405" classname="com.class2.SmartbearsoftwareExample"/>
  <testcase name="webOrders" time="0.028" classname="com.class2.SmartbearsoftwareExample"/>
</testsuite> <!-- com.class2.SmartbearsoftwareExample -->
