<?xml version="1.0" encoding="UTF-8"?>
<!-- Generated by org.testng.reporters.JUnitReportReporter -->
<testsuite skipped="0" hostname="Sumairs-MacBook-Pro.local" name="com.class2.HomeWorkClassTwo" tests="1" failures="0" timestamp="30 May 2019 22:46:54 GMT" time="0.005" errors="0">
  <testcase name="methodTest" time="0.005" classname="com.class2.HomeWorkClassTwo"/>
</testsuite> <!-- com.class2.HomeWorkClassTwo -->
