<?xml version="1.0" encoding="UTF-8"?>
<!-- Generated by org.testng.reporters.JUnitReportReporter -->
<testsuite hostname="Sumairs-MacBook-Pro.local" name="com.class1.Test" tests="1" failures="0" timestamp="28 May 2019 22:57:14 GMT" time="0.009" errors="0">
  <testcase name="test" time="0.009" classname="com.class1.Test"/>
</testsuite> <!-- com.class1.Test -->
