<?xml version="1.0" encoding="UTF-8"?>
<!-- Generated by org.testng.reporters.JUnitReportReporter -->
<testsuite skipped="0" hostname="Sumairs-MacBook-Pro.local" name="com.class2.SoftAndHardAssertExample" tests="2" failures="0" timestamp="31 May 2019 02:12:43 GMT" time="20.086" errors="0">
  <testcase name="orangehrmLoginScreen" time="0.010" classname="com.class2.SoftAndHardAssertExample"/>
  <testcase name="logo" time="20.076" classname="com.class2.SoftAndHardAssertExample"/>
</testsuite> <!-- com.class2.SoftAndHardAssertExample -->
