<?xml version="1.0" encoding="UTF-8"?>
<!-- Generated by org.testng.reporters.JUnitReportReporter -->
<testsuite skipped="0" hostname="Sumairs-MacBook-Pro.local" name="com.class4.newTourExample" tests="1" failures="0" timestamp="07 Jun 2019 01:06:41 GMT" time="4.712" errors="0">
  <testcase name="userInformation" time="4.712" classname="com.class4.newTourExample"/>
</testsuite> <!-- com.class4.newTourExample -->
