<?xml version="1.0" encoding="UTF-8"?>
<!-- Generated by org.testng.reporters.JUnitReportReporter -->
<testsuite skipped="0" hostname="Sumairs-MacBook-Pro.local" name="com.class3.DependsOnMethods" tests="3" failures="0" timestamp="06 Jun 2019 01:42:01 GMT" time="0.011" errors="0">
  <testcase name="two" time="0.002" classname="com.class3.DependsOnMethods"/>
  <testcase name="three" time="0.001" classname="com.class3.DependsOnMethods"/>
  <testcase name="one" time="0.008" classname="com.class3.DependsOnMethods"/>
</testsuite> <!-- com.class3.DependsOnMethods -->
