<?xml version="1.0" encoding="UTF-8"?>
<!-- Generated by org.testng.reporters.JUnitReportReporter -->
<testsuite skipped="0" hostname="Sumairs-MacBook-Pro.local" name="com.class4.DataProviderTest" tests="3" failures="0" timestamp="07 Jun 2019 01:40:06 GMT" time="0.010" errors="0">
  <testcase name="getData" time="0.007" classname="com.class4.DataProviderTest"/>
  <testcase name="getData" time="0.002" classname="com.class4.DataProviderTest"/>
  <testcase name="getData" time="0.001" classname="com.class4.DataProviderTest"/>
</testsuite> <!-- com.class4.DataProviderTest -->
