<?xml version="1.0" encoding="UTF-8"?>
<!-- Generated by org.testng.reporters.JUnitReportReporter -->
<testsuite skipped="0" hostname="Sumairs-MacBook-Pro.local" name="com.class4.ParameterExampleTwo" tests="1" failures="0" timestamp="07 Jun 2019 00:56:54 GMT" time="3.212" errors="0">
  <testcase name="testGoogle" time="3.212" classname="com.class4.ParameterExampleTwo"/>
</testsuite> <!-- com.class4.ParameterExampleTwo -->
