<?xml version="1.0" encoding="UTF-8"?>
<!-- Generated by org.testng.reporters.JUnitReportReporter -->
<testsuite skipped="0" hostname="Sumairs-MacBook-Pro.local" name="com.class4.ToolsQaExample" tests="4" failures="0" timestamp="07 Jun 2019 01:57:19 GMT" time="25.509" errors="0">
  <testcase name="getData" time="6.968" classname="com.class4.ToolsQaExample"/>
  <testcase name="getData" time="6.693" classname="com.class4.ToolsQaExample"/>
  <testcase name="getData" time="6.200" classname="com.class4.ToolsQaExample"/>
  <testcase name="getData" time="5.648" classname="com.class4.ToolsQaExample"/>
</testsuite> <!-- com.class4.ToolsQaExample -->
