<?xml version="1.0" encoding="UTF-8"?>
<!-- Generated by org.testng.reporters.JUnitReportReporter -->
<testsuite skipped="0" hostname="Sumairs-MacBook-Pro.local" name="com.class1.BeforeAndAfterMethod" tests="2" failures="0" timestamp="31 May 2019 01:54:09 GMT" time="0.013" errors="0">
  <testcase name="testMethodOne" time="0.006" classname="com.class1.BeforeAndAfterMethod"/>
  <testcase name="testMethodTwo" time="0.007" classname="com.class1.BeforeAndAfterMethod"/>
</testsuite> <!-- com.class1.BeforeAndAfterMethod -->
