<?xml version="1.0" encoding="UTF-8"?>
<!-- Generated by org.testng.reporters.JUnitReportReporter -->
<testsuite skipped="0" hostname="Sumairs-MacBook-Pro.local" name="com.class3.NewtoursExample" tests="2" failures="0" timestamp="06 Jun 2019 23:49:38 GMT" time="10.238" errors="0">
  <testcase name="contactInformation" time="4.809" classname="com.class3.NewtoursExample"/>
  <testcase name="mailingInformation" time="5.429" classname="com.class3.NewtoursExample"/>
</testsuite> <!-- com.class3.NewtoursExample -->
