<?xml version="1.0" encoding="UTF-8"?>
<!-- Generated by org.testng.reporters.JUnitReportReporter -->
<testsuite skipped="0" hostname="Sumairs-MacBook-Pro.local" name="com.class3.BasicXMlPartTwo" tests="3" failures="0" timestamp="05 Jun 2019 23:52:51 GMT" time="0.004" errors="0">
  <testcase name="testOneFromBasic2" time="0.002" classname="com.class3.BasicXMlPartTwo"/>
  <testcase name="testSecondFromBasic2" time="0.001" classname="com.class3.BasicXMlPartTwo"/>
  <testcase name="testThirdFromBasic2" time="0.001" classname="com.class3.BasicXMlPartTwo"/>
</testsuite> <!-- com.class3.BasicXMlPartTwo -->
