<?xml version="1.0" encoding="UTF-8"?>
<!-- Generated by org.testng.reporters.JUnitReportReporter -->
<testsuite skipped="0" hostname="Sumairs-MacBook-Pro.local" name="com.class3.GroupsExample" tests="4" failures="0" timestamp="06 Jun 2019 01:06:13 GMT" time="0.005" errors="0">
  <testcase name="Four" time="0.001" classname="com.class3.GroupsExample"/>
  <testcase name="one" time="0.003" classname="com.class3.GroupsExample"/>
  <testcase name="Two" time="0.001" classname="com.class3.GroupsExample"/>
  <testcase name="Three" time="0.000" classname="com.class3.GroupsExample"/>
</testsuite> <!-- com.class3.GroupsExample -->
