<?xml version="1.0" encoding="UTF-8"?>
<!-- Generated by org.testng.reporters.JUnitReportReporter -->
<testsuite skipped="0" hostname="Sumairs-MacBook-Pro.local" name="com.class3.DependsOnGroups" tests="3" failures="0" timestamp="06 Jun 2019 01:54:08 GMT" time="0.010" errors="0">
  <testcase name="one" time="0.007" classname="com.class3.DependsOnGroups"/>
  <testcase name="two" time="0.001" classname="com.class3.DependsOnGroups"/>
  <testcase name="three" time="0.002" classname="com.class3.DependsOnGroups"/>
</testsuite> <!-- com.class3.DependsOnGroups -->
