<?xml version="1.0" encoding="UTF-8"?>
<!-- Generated by org.testng.reporters.JUnitReportReporter -->
<testsuite skipped="0" hostname="Sumairs-MacBook-Pro.local" name="com.class2.priortyExampleTwo" tests="2" failures="0" timestamp="30 May 2019 23:30:11 GMT" time="6.376" errors="0">
  <testcase name="login" time="4.332" classname="com.class2.priortyExampleTwo"/>
  <testcase name="mainPage" time="2.044" classname="com.class2.priortyExampleTwo"/>
</testsuite> <!-- com.class2.priortyExampleTwo -->
