<?xml version="1.0" encoding="UTF-8"?>
<!-- Generated by org.testng.reporters.JUnitReportReporter -->
<testsuite skipped="0" hostname="Sumairs-MacBook-Pro.local" name="com.class4.taskTwo" tests="2" failures="0" timestamp="07 Jun 2019 01:25:35 GMT" time="6.724" errors="0">
  <testcase name="UsernameOne" time="3.842" classname="com.class4.taskTwo"/>
  <testcase name="UsernameTwo" time="2.882" classname="com.class4.taskTwo"/>
</testsuite> <!-- com.class4.taskTwo -->
