<?xml version="1.0" encoding="UTF-8"?>
<!-- Generated by org.testng.reporters.JUnitReportReporter -->
<testsuite skipped="0" hostname="Sumairs-MacBook-Pro.local" name="com.class4.test2" tests="1" failures="0" timestamp="06 Jun 2019 21:51:24 GMT" time="3.301" errors="0">
  <testcase name="google" time="3.301" classname="com.class4.test2"/>
</testsuite> <!-- com.class4.test2 -->
