<?xml version="1.0" encoding="UTF-8"?>
<!-- Generated by org.testng.reporters.JUnitReportReporter -->
<testsuite skipped="0" hostname="Sumairs-MacBook-Pro.local" name="com.class4.test" tests="1" failures="0" timestamp="06 Jun 2019 21:39:07 GMT" time="0.007" errors="0">
  <testcase name="users" time="0.007" classname="com.class4.test"/>
</testsuite> <!-- com.class4.test -->
