<?xml version="1.0" encoding="UTF-8"?>
<!-- Generated by org.testng.reporters.JUnitReportReporter -->
<testsuite skipped="0" hostname="Sumairs-MacBook-Pro.local" name="com.class3.taskOne" tests="3" failures="0" timestamp="06 Jun 2019 01:59:40 GMT" time="7.076" errors="0">
  <testcase name="personFourLogin" time="5.709" classname="com.class3.taskOne"/>
  <testcase name="personOneLogin" time="0.622" classname="com.class3.taskOne"/>
  <testcase name="personThreeLogin" time="0.745" classname="com.class3.taskOne"/>
</testsuite> <!-- com.class3.taskOne -->
