<?xml version="1.0" encoding="UTF-8"?>
<!-- Generated by org.testng.reporters.JUnitReportReporter -->
<testsuite skipped="0" hostname="Sumairs-MacBook-Pro.local" name="com.class3.BasicXMLPartOne" tests="3" failures="0" timestamp="05 Jun 2019 23:52:51 GMT" time="0.016" errors="0">
  <testcase name="testOneFromBasic1" time="0.009" classname="com.class3.BasicXMLPartOne"/>
  <testcase name="testSecondFromBasic1" time="0.005" classname="com.class3.BasicXMLPartOne"/>
  <testcase name="testThirdFromBasic1" time="0.002" classname="com.class3.BasicXMLPartOne"/>
</testsuite> <!-- com.class3.BasicXMLPartOne -->
