<?xml version="1.0" encoding="UTF-8"?>
<!-- Generated by org.testng.reporters.JUnitReportReporter -->
<testsuite skipped="0" hostname="Sumairs-MacBook-Pro.local" name="com.class4.parameterExampleOne" tests="1" failures="0" timestamp="07 Jun 2019 00:33:32 GMT" time="0.010" errors="0">
  <testcase name="userNames" time="0.010" classname="com.class4.parameterExampleOne"/>
</testsuite> <!-- com.class4.parameterExampleOne -->
