<?xml version="1.0" encoding="UTF-8"?>
<!-- Generated by org.testng.reporters.JUnitReportReporter -->
<testsuite skipped="0" hostname="Sumairs-MacBook-Pro.local" name="com.class5.demoTest" tests="2" failures="0" timestamp="12 Jun 2019 01:49:15 GMT" time="7.193" errors="0">
  <testcase name="testCrossBrowser" time="4.443" classname="com.class5.demoTest"/>
  <testcase name="testCrossBrowser" time="2.750" classname="com.class5.demoTest"/>
</testsuite> <!-- com.class5.demoTest -->
