<?xml version="1.0" encoding="UTF-8"?>
<!-- Generated by org.testng.reporters.JUnitReportReporter -->
<testsuite skipped="0" hostname="Sumairs-MacBook-Pro.local" name="com.class4.test4" tests="3" failures="0" timestamp="06 Jun 2019 22:04:03 GMT" time="0.008" errors="0">
  <testcase name="getData" time="0.006" classname="com.class4.test4"/>
  <testcase name="getData" time="0.001" classname="com.class4.test4"/>
  <testcase name="getData" time="0.001" classname="com.class4.test4"/>
</testsuite> <!-- com.class4.test4 -->
